
-------------------------------------------------------------------------------
   ROBOCOPY     ::     Windows の堅牢性の高いファイル コピー                              
-------------------------------------------------------------------------------

  開始: 2025年6月22日 18:50:54
   コピー元 : C:\__Dev\mai\maicl\src\html\
     コピー先 : C:\__Dev\mai\docker\www\html\mai\

    ファイル: *.*
	    
  オプション: *.* /V /S /E /DCOPY:DA /COPY:DAT /PURGE /MIR /EFSRAW /NP /IT /R:1 /W:1 

------------------------------------------------------------------------------

	                   9	C:\__Dev\mai\maicl\src\html\
	*EXTRA Dir        -1	C:\__Dev\mai\docker\www\html\mai\js\
	  *EXTRA File 		 1048528	mai_guld.js
	  *EXTRA File 		  982775	mai_maze.js
	        新しい		     128	bck.bat
	        新しい		   16759	check_JSON.php
	        新しい		    1543	css.php
	        新しい		   13266	mai_guld.php
	        新しい		   13530	mai_maze.php
	        新しい		      40	test_mb.php
	        新しい		   11173	_JSON_mai_guld.php
	        新しい		   14577	_JSON_mai_maze.php
	        新しい		   16839	_JSON_mai_save.php
	                   0	C:\__Dev\mai\maicl\src\html\css\
	                   4	C:\__Dev\mai\maicl\src\html\css\mai_guld\
	        新しい		    9937	mai_guld_common.css
	        新しい		    4635	mai_guld_default.css
	        新しい		    5040	mai_guld_iphone_landscape.css
	        新しい		    4893	mai_guld_iphone_portrait.css
	                   4	C:\__Dev\mai\maicl\src\html\css\mai_maze\
	        新しい		   11544	mai_maze_common.css
	        新しい		    4809	mai_maze_default.css
	        新しい		    5743	mai_maze_iphone_landscape.css
	        新しい		    5521	mai_maze_iphone_portrait.css
	                  14	C:\__Dev\mai\maicl\src\html\lib\
	        新しい		    2093	Class_Direct.php
	        新しい		    2531	Class_DspMessage.php
	        新しい		    2538	Class_Goods.php
	        新しい		   10101	Class_Guild.php
	        新しい		   20850	Class_Hero.php
	        新しい		    6154	Class_HeroAbility.php
	        新しい		    7801	Class_Location.php
	        新しい		   31484	Class_Maze.php
	        新しい		    4123	Class_MazeInfo.php
	        新しい		    3495	Class_PointSet.php
	        新しい		    2623	Class_Rand.php
	        新しい		   17579	Class_SaveData.php
	        新しい		   18078	Class_Team.php
	        新しい		    2579	Enum_MzKind.php
	                   1	C:\__Dev\mai\maicl\src\html\mai_guild\
	        新しい		    1543	css.php
	                   4	C:\__Dev\mai\maicl\src\html\mai_maze\
	        新しい		   14330	check_JSON.php
	        新しい		    1543	css.php
	        新しい		   14176	mai_maze.php
	        新しい		   38752	mai_maze_old.php

------------------------------------------------------------------------------

                  合計     コピー済み      スキップ       不一致        失敗    Extras
   ディレクトリ:         7         0         7         0         0         1
     ファイル:        36        36         0         0         0         2
      バイト:   334.3 k   334.3 k         0         0         0    1.93 m
       時刻:   0:00:00   0:00:00                       0:00:00   0:00:00


       速度:           5,266,923 バイト/秒
       速度:             301.376 MB/分
   終了: 2025年6月22日 18:50:54

